<?xml version="1.0" encoding="UTF-8"?>
<testng-results skipped="0" failed="0" total="1" passed="1">
  <reporter-output>
  </reporter-output>
  <suite name="Default suite" duration-ms="32551" started-at="2018-11-01T07:02:22Z" finished-at="2018-11-01T07:02:55Z">
    <groups>
    </groups>
    <test name="Default test" duration-ms="32551" started-at="2018-11-01T07:02:22Z" finished-at="2018-11-01T07:02:55Z">
      <class name="testcases.VerifyLoginPage">
        <test-method status="PASS" signature="setUp()[pri:0, instance:testcases.VerifyLoginPage@7c16905e]" name="setUp" is-config="true" duration-ms="20015" started-at="2018-11-01T12:32:22Z" finished-at="2018-11-01T12:32:42Z">
          <reporter-output>
          </reporter-output>
        </test-method> <!-- setUp -->
        <test-method status="PASS" signature="testLoginPage()[pri:0, instance:testcases.VerifyLoginPage@7c16905e]" name="testLoginPage" duration-ms="11799" started-at="2018-11-01T12:32:42Z" finished-at="2018-11-01T12:32:54Z">
          <reporter-output>
          </reporter-output>
        </test-method> <!-- testLoginPage -->
        <test-method status="PASS" signature="tearDown()[pri:0, instance:testcases.VerifyLoginPage@7c16905e]" name="tearDown" is-config="true" duration-ms="714" started-at="2018-11-01T12:32:54Z" finished-at="2018-11-01T12:32:55Z">
          <reporter-output>
          </reporter-output>
        </test-method> <!-- tearDown -->
      </class> <!-- testcases.VerifyLoginPage -->
    </test> <!-- Default test -->
  </suite> <!-- Default suite -->
</testng-results>
