<?xml version="1.0" encoding="UTF-8"?>
<!-- Generated by org.testng.reporters.JUnitXMLReporter -->
<testsuite hostname="LIN86000249" name="SmokeScenario(failed)(failed)(failed)" tests="1" failures="1" timestamp="1 Nov 2018 06:59:47 GMT" time="22.744" errors="0">
  <testcase name="testLoginPage" time="9.353" classname="testcases.VerifyLoginPage">
    <failure type="java.lang.AssertionError" message="Logout link is not verified properly expected [ Logout ] but found [  Logout  ]">
      <![CDATA[java.lang.AssertionError: Logout link is not verified properly expected [ Logout ] but found [  Logout  ]
	at Pages.HomePage.verifyLogoutLink(HomePage.java:71)
	at testcases.VerifyLoginPage.testLoginPage(VerifyLoginPage.java:43)
... Removed 28 stack frames]]>
    </failure>
  </testcase> <!-- testLoginPage -->
</testsuite> <!-- SmokeScenario(failed)(failed)(failed) -->
