<?xml version="1.0" encoding="UTF-8"?>
<testng-results skipped="0" failed="1" total="3" passed="2">
  <reporter-output>
  </reporter-output>
  <suite name="Suite" duration-ms="117449" started-at="2018-03-01T15:56:35Z" finished-at="2018-03-01T15:58:33Z">
    <groups>
    </groups>
    <test name="Test" duration-ms="117449" started-at="2018-03-01T15:56:35Z" finished-at="2018-03-01T15:58:33Z">
      <class name="testCases.CreateUser">
        <test-method status="PASS" signature="AppOrangeHRMLogin()[pri:0, instance:testCases.CreateUser@5119fb47]" name="AppOrangeHRMLogin" is-config="true" duration-ms="13170" started-at="2018-03-01T21:26:35Z" finished-at="2018-03-01T21:26:49Z">
          <reporter-output>
          </reporter-output>
        </test-method> <!-- AppOrangeHRMLogin -->
        <test-method status="PASS" signature="createUser()[pri:0, instance:testCases.CreateUser@5119fb47]" name="createUser" duration-ms="9833" started-at="2018-03-01T21:26:49Z" finished-at="2018-03-01T21:26:58Z">
          <reporter-output>
          </reporter-output>
        </test-method> <!-- createUser -->
        <test-method status="PASS" signature="getResult(org.testng.ITestResult)[pri:0, instance:testCases.CreateUser@5119fb47]" name="getResult" is-config="true" duration-ms="20" started-at="2018-03-01T21:26:58Z" finished-at="2018-03-01T21:26:58Z">
          <params>
            <param index="0">
              <value>
                <![CDATA[[TestResult name=createUser status=SUCCESS method=CreateUser.createUser()[pri:0, instance:testCases.CreateUser@5119fb47] output={null}]]]>
              </value>
            </param>
          </params>
          <reporter-output>
          </reporter-output>
        </test-method> <!-- getResult -->
        <test-method status="PASS" signature="CloseApp()[pri:0, instance:testCases.CreateUser@5119fb47]" name="CloseApp" is-config="true" duration-ms="7198" started-at="2018-03-01T21:26:58Z" finished-at="2018-03-01T21:27:06Z">
          <reporter-output>
          </reporter-output>
        </test-method> <!-- CloseApp -->
      </class> <!-- testCases.CreateUser -->
      <class name="testCases.AddEmployee">
        <test-method status="PASS" signature="setUp()[pri:0, instance:testCases.AddEmployee@130161f7]" name="setUp" is-config="true" duration-ms="183" started-at="2018-03-01T21:26:35Z" finished-at="2018-03-01T21:26:35Z">
          <reporter-output>
          </reporter-output>
        </test-method> <!-- setUp -->
        <test-method status="PASS" signature="AppOrangeHRMLogin()[pri:0, instance:testCases.AddEmployee@130161f7]" name="AppOrangeHRMLogin" is-config="true" duration-ms="10094" started-at="2018-03-01T21:27:06Z" finished-at="2018-03-01T21:27:16Z">
          <reporter-output>
          </reporter-output>
        </test-method> <!-- AppOrangeHRMLogin -->
        <test-method status="PASS" signature="addEmployee()[pri:0, instance:testCases.AddEmployee@130161f7]" name="addEmployee" duration-ms="48526" started-at="2018-03-01T21:27:16Z" finished-at="2018-03-01T21:28:04Z">
          <reporter-output>
          </reporter-output>
        </test-method> <!-- addEmployee -->
        <test-method status="PASS" signature="CloseApp()[pri:0, instance:testCases.AddEmployee@130161f7]" name="CloseApp" is-config="true" duration-ms="6877" started-at="2018-03-01T21:28:04Z" finished-at="2018-03-01T21:28:11Z">
          <reporter-output>
          </reporter-output>
        </test-method> <!-- CloseApp -->
        <test-method status="PASS" signature="getResult(org.testng.ITestResult)[pri:0, instance:testCases.AddEmployee@130161f7]" name="getResult" is-config="true" duration-ms="0" started-at="2018-03-01T21:28:04Z" finished-at="2018-03-01T21:28:04Z">
          <params>
            <param index="0">
              <value>
                <![CDATA[[TestResult name=addEmployee status=SUCCESS method=AddEmployee.addEmployee()[pri:0, instance:testCases.AddEmployee@130161f7] output={null}]]]>
              </value>
            </param>
          </params>
          <reporter-output>
          </reporter-output>
        </test-method> <!-- getResult -->
        <test-method status="PASS" signature="teardown()[pri:0, instance:testCases.AddEmployee@130161f7]" name="teardown" is-config="true" duration-ms="410" started-at="2018-03-01T21:28:33Z" finished-at="2018-03-01T21:28:33Z">
          <reporter-output>
          </reporter-output>
        </test-method> <!-- teardown -->
      </class> <!-- testCases.AddEmployee -->
      <class name="testCases.DeletingUser">
        <test-method status="PASS" signature="AppOrangeHRMLogin()[pri:0, instance:testCases.DeletingUser@6a192cfe]" name="AppOrangeHRMLogin" is-config="true" duration-ms="9029" started-at="2018-03-01T21:28:11Z" finished-at="2018-03-01T21:28:20Z">
          <reporter-output>
          </reporter-output>
        </test-method> <!-- AppOrangeHRMLogin -->
        <test-method status="FAIL" signature="deleteUser()[pri:0, instance:testCases.DeletingUser@6a192cfe]" name="deleteUser" duration-ms="5008" started-at="2018-03-01T21:28:20Z" finished-at="2018-03-01T21:28:25Z">
          <exception class="junit.framework.AssertionFailedError">
            <full-stacktrace>
              <![CDATA[junit.framework.AssertionFailedError
	at junit.framework.Assert.fail(Assert.java:48)
	at junit.framework.Assert.assertTrue(Assert.java:20)
	at junit.framework.Assert.assertTrue(Assert.java:27)
	at testCases.DeletingUser.deleteUser(DeletingUser.java:78)
	at sun.reflect.NativeMethodAccessorImpl.invoke0(Native Method)
	at sun.reflect.NativeMethodAccessorImpl.invoke(NativeMethodAccessorImpl.java:62)
	at sun.reflect.DelegatingMethodAccessorImpl.invoke(DelegatingMethodAccessorImpl.java:43)
	at java.lang.reflect.Method.invoke(Method.java:498)
	at org.testng.internal.MethodInvocationHelper.invokeMethod(MethodInvocationHelper.java:80)
	at org.testng.internal.Invoker.invokeMethod(Invoker.java:714)
	at org.testng.internal.Invoker.invokeTestMethod(Invoker.java:901)
	at org.testng.internal.Invoker.invokeTestMethods(Invoker.java:1231)
	at org.testng.internal.TestMethodWorker.invokeTestMethods(TestMethodWorker.java:127)
	at org.testng.internal.TestMethodWorker.run(TestMethodWorker.java:111)
	at org.testng.TestRunner.privateRun(TestRunner.java:767)
	at org.testng.TestRunner.run(TestRunner.java:617)
	at org.testng.SuiteRunner.runTest(SuiteRunner.java:334)
	at org.testng.SuiteRunner.runSequentially(SuiteRunner.java:329)
	at org.testng.SuiteRunner.privateRun(SuiteRunner.java:291)
	at org.testng.SuiteRunner.run(SuiteRunner.java:240)
	at org.testng.SuiteRunnerWorker.runSuite(SuiteRunnerWorker.java:52)
	at org.testng.SuiteRunnerWorker.run(SuiteRunnerWorker.java:86)
	at org.testng.TestNG.runSuitesSequentially(TestNG.java:1198)
	at org.testng.TestNG.runSuitesLocally(TestNG.java:1123)
	at org.testng.TestNG.run(TestNG.java:1031)
	at org.testng.remote.AbstractRemoteTestNG.run(AbstractRemoteTestNG.java:114)
	at org.testng.remote.RemoteTestNG.initAndRun(RemoteTestNG.java:251)
	at org.testng.remote.RemoteTestNG.main(RemoteTestNG.java:77)
]]>
            </full-stacktrace>
          </exception> <!-- junit.framework.AssertionFailedError -->
          <reporter-output>
          </reporter-output>
        </test-method> <!-- deleteUser -->
        <test-method status="PASS" signature="getResult(org.testng.ITestResult)[pri:0, instance:testCases.DeletingUser@6a192cfe]" name="getResult" is-config="true" duration-ms="500" started-at="2018-03-01T21:28:25Z" finished-at="2018-03-01T21:28:26Z">
          <params>
            <param index="0">
              <value>
                <![CDATA[[TestResult name=deleteUser status=FAILURE method=DeletingUser.deleteUser()[pri:0, instance:testCases.DeletingUser@6a192cfe] output={null}]]]>
              </value>
            </param>
          </params>
          <reporter-output>
          </reporter-output>
        </test-method> <!-- getResult -->
        <test-method status="PASS" signature="CloseApp()[pri:0, instance:testCases.DeletingUser@6a192cfe]" name="CloseApp" is-config="true" duration-ms="7143" started-at="2018-03-01T21:28:26Z" finished-at="2018-03-01T21:28:33Z">
          <reporter-output>
          </reporter-output>
        </test-method> <!-- CloseApp -->
      </class> <!-- testCases.DeletingUser -->
    </test> <!-- Test -->
  </suite> <!-- Suite -->
</testng-results>
