<?xml version="1.0" encoding="UTF-8"?>
<!-- Generated by org.testng.reporters.JUnitXMLReporter -->
<testsuite hostname="DESKTOP-E8IIGOH" name="Test" tests="3" failures="1" timestamp="1 Mar 2018 15:58:33 GMT" time="117.449" errors="0">
  <testcase name="createUser" time="9.833" classname="testCases.CreateUser"/>
  <testcase name="addEmployee" time="48.526" classname="testCases.AddEmployee"/>
  <testcase name="deleteUser" time="5.008" classname="testCases.DeletingUser">
    <failure type="junit.framework.AssertionFailedError">
      <![CDATA[junit.framework.AssertionFailedError
	at junit.framework.Assert.fail(Assert.java:48)
	at junit.framework.Assert.assertTrue(Assert.java:20)
	at junit.framework.Assert.assertTrue(Assert.java:27)
	at testCases.DeletingUser.deleteUser(DeletingUser.java:78)
... Removed 24 stack frames]]>
    </failure>
  </testcase> <!-- deleteUser -->
</testsuite> <!-- Test -->
