<?xml version="1.0" encoding="UTF-8"?>
<!-- Generated by org.testng.reporters.JUnitXMLReporter -->
<testsuite hostname="DESKTOP-E8IIGOH" name="OrangeHRMBaseTest" tests="2" failures="1" timestamp="9 Feb 2018 07:06:08 GMT" time="0.117" errors="0">
  <testcase name="@BeforeSuite setUp" time="0.0" classname="testCases.CreateUser">
    <failure type="java.lang.NullPointerException">
      <![CDATA[java.lang.NullPointerException
... Removed 12 stack frames]]>
    </failure>
  </testcase> <!-- @BeforeSuite setUp -->
  <testcase name="@BeforeMethod AppOrangeHRMLogin" time="0.0" classname="testCases.CreateUser">
    <failure type="java.lang.NullPointerException">
      <![CDATA[java.lang.NullPointerException
... Removed 20 stack frames]]>
    </failure>
  </testcase> <!-- @BeforeMethod AppOrangeHRMLogin -->
  <testcase name="@AfterMethod getResult" time="0.0" classname="testCases.CreateUser">
    <failure type="java.lang.NullPointerException">
      <![CDATA[java.lang.NullPointerException
... Removed 20 stack frames]]>
    </failure>
  </testcase> <!-- @AfterMethod getResult -->
  <testcase name="@BeforeMethod AppOrangeHRMLogin" time="0.0" classname="testCases.DeletingUser">
    <failure type="java.lang.NullPointerException">
      <![CDATA[java.lang.NullPointerException
	at testCases.DeletingUser.AppOrangeHRMLogin(DeletingUser.java:34)
... Removed 26 stack frames]]>
    </failure>
  </testcase> <!-- @BeforeMethod AppOrangeHRMLogin -->
  <testcase name="@AfterMethod getResult" time="0.0" classname="testCases.DeletingUser">
    <skipped/>
  </testcase> <!-- @AfterMethod getResult -->
  <testcase name="createUser" time="0.082" classname="testCases.CreateUser">
    <failure type="java.lang.NullPointerException">
      <![CDATA[java.lang.NullPointerException
	at testCases.CreateUser.createUser(CreateUser.java:60)
... Removed 24 stack frames]]>
    </failure>
  </testcase> <!-- createUser -->
  <testcase name="deleteUser" time="0.0" classname="testCases.DeletingUser">
    <skipped/>
  </testcase> <!-- deleteUser -->
</testsuite> <!-- OrangeHRMBaseTest -->
